[24-Apr-2017 16:52:44 UTC] PHP Warning:  require_once(models/userModel.php): failed to open stream: No such file or directory in /home/ubuntu/workspace/structure/routers/userRouter.php on line 4
[24-Apr-2017 16:52:44 UTC] PHP Stack trace:
[24-Apr-2017 16:52:44 UTC] PHP   1. {main}() /home/ubuntu/workspace/structure/routers/userRouter.php:0
[24-Apr-2017 16:52:44 UTC] PHP Fatal error:  require_once(): Failed opening required 'models/userModel.php' (include_path='.:/usr/share/php:/usr/share/pear') in /home/ubuntu/workspace/structure/routers/userRouter.php on line 4
[24-Apr-2017 16:52:44 UTC] PHP Stack trace:
[24-Apr-2017 16:52:44 UTC] PHP   1. {main}() /home/ubuntu/workspace/structure/routers/userRouter.php:0
[24-Apr-2017 16:53:07 UTC] PHP Warning:  Missing argument 1 for User::__construct(), called in /home/ubuntu/workspace/structure/routers/userRouter.php on line 11 and defined in /home/ubuntu/workspace/structure/models/userModel.php on line 13
[24-Apr-2017 16:53:07 UTC] PHP Stack trace:
[24-Apr-2017 16:53:07 UTC] PHP   1. {main}() /home/ubuntu/workspace/structure/routers/userRouter.php:0
[24-Apr-2017 16:53:07 UTC] PHP   2. User->__construct() /home/ubuntu/workspace/structure/routers/userRouter.php:11
[24-Apr-2017 16:53:07 UTC] PHP Warning:  Missing argument 2 for User::__construct(), called in /home/ubuntu/workspace/structure/routers/userRouter.php on line 11 and defined in /home/ubuntu/workspace/structure/models/userModel.php on line 13
[24-Apr-2017 16:53:07 UTC] PHP Stack trace:
[24-Apr-2017 16:53:07 UTC] PHP   1. {main}() /home/ubuntu/workspace/structure/routers/userRouter.php:0
[24-Apr-2017 16:53:07 UTC] PHP   2. User->__construct() /home/ubuntu/workspace/structure/routers/userRouter.php:11
[24-Apr-2017 16:53:07 UTC] PHP Warning:  Missing argument 3 for User::__construct(), called in /home/ubuntu/workspace/structure/routers/userRouter.php on line 11 and defined in /home/ubuntu/workspace/structure/models/userModel.php on line 13
[24-Apr-2017 16:53:07 UTC] PHP Stack trace:
[24-Apr-2017 16:53:07 UTC] PHP   1. {main}() /home/ubuntu/workspace/structure/routers/userRouter.php:0
[24-Apr-2017 16:53:07 UTC] PHP   2. User->__construct() /home/ubuntu/workspace/structure/routers/userRouter.php:11
[24-Apr-2017 16:53:07 UTC] PHP Warning:  Missing argument 4 for User::__construct(), called in /home/ubuntu/workspace/structure/routers/userRouter.php on line 11 and defined in /home/ubuntu/workspace/structure/models/userModel.php on line 13
[24-Apr-2017 16:53:07 UTC] PHP Stack trace:
[24-Apr-2017 16:53:07 UTC] PHP   1. {main}() /home/ubuntu/workspace/structure/routers/userRouter.php:0
[24-Apr-2017 16:53:07 UTC] PHP   2. User->__construct() /home/ubuntu/workspace/structure/routers/userRouter.php:11
[24-Apr-2017 16:53:07 UTC] PHP Fatal error:  Method name must be a string in /home/ubuntu/workspace/structure/routers/userRouter.php on line 12
[24-Apr-2017 16:53:07 UTC] PHP Stack trace:
[24-Apr-2017 16:53:07 UTC] PHP   1. {main}() /home/ubuntu/workspace/structure/routers/userRouter.php:0
[24-Apr-2017 16:55:21 UTC] PHP Fatal error:  Method name must be a string in /home/ubuntu/workspace/structure/routers/userRouter.php on line 12
[24-Apr-2017 16:55:21 UTC] PHP Stack trace:
[24-Apr-2017 16:55:21 UTC] PHP   1. {main}() /home/ubuntu/workspace/structure/routers/userRouter.php:0
[24-Apr-2017 17:04:45 UTC] PHP Fatal error:  Call to a member function simpleQuery() on a non-object in /home/ubuntu/workspace/structure/models/userModel.php on line 34
[24-Apr-2017 17:04:45 UTC] PHP Stack trace:
[24-Apr-2017 17:04:45 UTC] PHP   1. {main}() /home/ubuntu/workspace/structure/routers/userRouter.php:0
[24-Apr-2017 17:04:45 UTC] PHP   2. User->add() /home/ubuntu/workspace/structure/routers/userRouter.php:12
[24-Apr-2017 17:19:23 UTC] PHP Fatal error:  Call to a member function index() on a non-object in /home/ubuntu/workspace/structure/routers/userRouter.php on line 15
[24-Apr-2017 17:19:23 UTC] PHP Stack trace:
[24-Apr-2017 17:19:23 UTC] PHP   1. {main}() /home/ubuntu/workspace/structure/routers/userRouter.php:0
[24-Apr-2017 17:20:13 UTC] PHP Fatal error:  Call to a member function index() on a non-object in /home/ubuntu/workspace/structure/routers/userRouter.php on line 15
[24-Apr-2017 17:20:13 UTC] PHP Stack trace:
[24-Apr-2017 17:20:13 UTC] PHP   1. {main}() /home/ubuntu/workspace/structure/routers/userRouter.php:0
[24-Apr-2017 17:28:01 UTC] PHP Fatal error:  Call to a member function simpleQuery() on a non-object in /home/ubuntu/workspace/structure/models/userModel.php on line 38
[24-Apr-2017 17:28:01 UTC] PHP Stack trace:
[24-Apr-2017 17:28:01 UTC] PHP   1. {main}() /home/ubuntu/workspace/structure/routers/userRouter.php:0
[24-Apr-2017 17:28:01 UTC] PHP   2. User->add() /home/ubuntu/workspace/structure/routers/userRouter.php:14
[24-Apr-2017 17:31:07 UTC] PHP Fatal error:  Call to a member function simpleQuery() on a non-object in /home/ubuntu/workspace/structure/models/userModel.php on line 38
[24-Apr-2017 17:31:07 UTC] PHP Stack trace:
[24-Apr-2017 17:31:07 UTC] PHP   1. {main}() /home/ubuntu/workspace/structure/routers/userRouter.php:0
[24-Apr-2017 17:31:07 UTC] PHP   2. User->add() /home/ubuntu/workspace/structure/routers/userRouter.php:14
[24-Apr-2017 17:33:11 UTC] PHP Fatal error:  Call to a member function runQuery() on a non-object in /home/ubuntu/workspace/structure/models/userModel.php on line 28
[24-Apr-2017 17:33:11 UTC] PHP Stack trace:
[24-Apr-2017 17:33:11 UTC] PHP   1. {main}() /home/ubuntu/workspace/structure/routers/userRouter.php:0
[24-Apr-2017 17:33:11 UTC] PHP   2. User->index() /home/ubuntu/workspace/structure/routers/userRouter.php:17
[24-Apr-2017 17:34:38 UTC] PHP Warning:  mysqli_query() expects at least 2 parameters, 1 given in /home/ubuntu/workspace/structure/models/connector.php on line 36
[24-Apr-2017 17:34:38 UTC] PHP Stack trace:
[24-Apr-2017 17:34:38 UTC] PHP   1. {main}() /home/ubuntu/workspace/structure/routers/userRouter.php:0
[24-Apr-2017 17:34:38 UTC] PHP   2. User->index() /home/ubuntu/workspace/structure/routers/userRouter.php:17
[24-Apr-2017 17:34:38 UTC] PHP   3. Connector->runQuery() /home/ubuntu/workspace/structure/models/userModel.php:28
[24-Apr-2017 17:34:38 UTC] PHP   4. mysqli_query() /home/ubuntu/workspace/structure/models/connector.php:36
[24-Apr-2017 17:34:38 UTC] PHP Warning:  mysqli_fetch_assoc() expects parameter 1 to be mysqli_result, null given in /home/ubuntu/workspace/structure/models/connector.php on line 37
[24-Apr-2017 17:34:38 UTC] PHP Stack trace:
[24-Apr-2017 17:34:38 UTC] PHP   1. {main}() /home/ubuntu/workspace/structure/routers/userRouter.php:0
[24-Apr-2017 17:34:38 UTC] PHP   2. User->index() /home/ubuntu/workspace/structure/routers/userRouter.php:17
[24-Apr-2017 17:34:38 UTC] PHP   3. Connector->runQuery() /home/ubuntu/workspace/structure/models/userModel.php:28
[24-Apr-2017 17:34:38 UTC] PHP   4. mysqli_fetch_assoc() /home/ubuntu/workspace/structure/models/connector.php:37
[24-Apr-2017 17:36:21 UTC] PHP Catchable fatal error:  Object of class mysqli_result could not be converted to string in /home/ubuntu/workspace/structure/models/userModel.php on line 30
[24-Apr-2017 17:36:21 UTC] PHP Stack trace:
[24-Apr-2017 17:36:21 UTC] PHP   1. {main}() /home/ubuntu/workspace/structure/routers/userRouter.php:0
[24-Apr-2017 17:36:21 UTC] PHP   2. User->index() /home/ubuntu/workspace/structure/routers/userRouter.php:17
[15-May-2017 22:25:57 UTC] PHP Warning:  mysqli_error() expects exactly 1 parameter, 0 given in /home/ubuntu/workspace/structure/models/connector.php on line 30
[15-May-2017 22:25:57 UTC] PHP Stack trace:
[15-May-2017 22:25:57 UTC] PHP   1. {main}() /home/ubuntu/workspace/structure/routers/userRouter.php:0
[15-May-2017 22:25:57 UTC] PHP   2. User->validarCorreo() /home/ubuntu/workspace/structure/routers/userRouter.php:14
[15-May-2017 22:25:57 UTC] PHP   3. Connector->complexQuery() /home/ubuntu/workspace/structure/models/userModel.php:53
[15-May-2017 22:25:57 UTC] PHP   4. mysqli_error() /home/ubuntu/workspace/structure/models/connector.php:30
[18-May-2017 14:45:45 UTC] PHP Warning:  mysqli::query(): Empty query in /home/ubuntu/workspace/structure/models/connector.php on line 27
[18-May-2017 14:45:45 UTC] PHP Stack trace:
[18-May-2017 14:45:45 UTC] PHP   1. {main}() /home/ubuntu/workspace/structure/routers/userRouter.php:0
[18-May-2017 14:45:45 UTC] PHP   2. User->validarUsuario() /home/ubuntu/workspace/structure/routers/userRouter.php:14
[18-May-2017 14:45:45 UTC] PHP   3. Connector->complexQuery() /home/ubuntu/workspace/structure/models/userModel.php:52
[18-May-2017 14:45:45 UTC] PHP   4. mysqli->query() /home/ubuntu/workspace/structure/models/connector.php:27
[18-May-2017 14:45:45 UTC] PHP Warning:  mysqli_error() expects exactly 1 parameter, 0 given in /home/ubuntu/workspace/structure/models/connector.php on line 30
[18-May-2017 14:45:45 UTC] PHP Stack trace:
[18-May-2017 14:45:45 UTC] PHP   1. {main}() /home/ubuntu/workspace/structure/routers/userRouter.php:0
[18-May-2017 14:45:45 UTC] PHP   2. User->validarUsuario() /home/ubuntu/workspace/structure/routers/userRouter.php:14
[18-May-2017 14:45:45 UTC] PHP   3. Connector->complexQuery() /home/ubuntu/workspace/structure/models/userModel.php:52
[18-May-2017 14:45:45 UTC] PHP   4. mysqli_error() /home/ubuntu/workspace/structure/models/connector.php:30
[18-May-2017 15:46:15 UTC] PHP Catchable fatal error:  Object of class mysqli_result could not be converted to string in /home/ubuntu/workspace/structure/models/userModel.php on line 55
[18-May-2017 15:46:15 UTC] PHP Stack trace:
[18-May-2017 15:46:15 UTC] PHP   1. {main}() /home/ubuntu/workspace/structure/routers/userRouter.php:0
[18-May-2017 15:46:15 UTC] PHP   2. User->validarUsuario() /home/ubuntu/workspace/structure/routers/userRouter.php:14
[18-May-2017 15:48:36 UTC] PHP Catchable fatal error:  Object of class mysqli_result could not be converted to string in /home/ubuntu/workspace/structure/models/userModel.php on line 55
[18-May-2017 15:48:36 UTC] PHP Stack trace:
[18-May-2017 15:48:36 UTC] PHP   1. {main}() /home/ubuntu/workspace/structure/routers/userRouter.php:0
[18-May-2017 15:48:36 UTC] PHP   2. User->validarUsuario() /home/ubuntu/workspace/structure/routers/userRouter.php:14
[18-May-2017 15:49:37 UTC] PHP Fatal error:  Cannot use object of type mysqli_result as array in /home/ubuntu/workspace/structure/models/userModel.php on line 55
[18-May-2017 15:49:37 UTC] PHP Stack trace:
[18-May-2017 15:49:37 UTC] PHP   1. {main}() /home/ubuntu/workspace/structure/routers/userRouter.php:0
[18-May-2017 15:49:37 UTC] PHP   2. User->validarUsuario() /home/ubuntu/workspace/structure/routers/userRouter.php:14
[18-May-2017 15:51:41 UTC] PHP Fatal error:  Cannot use object of type mysqli_result as array in /home/ubuntu/workspace/structure/models/userModel.php on line 55
[18-May-2017 15:51:41 UTC] PHP Stack trace:
[18-May-2017 15:51:41 UTC] PHP   1. {main}() /home/ubuntu/workspace/structure/routers/userRouter.php:0
[18-May-2017 15:51:41 UTC] PHP   2. User->validarUsuario() /home/ubuntu/workspace/structure/routers/userRouter.php:14
[18-May-2017 15:54:54 UTC] PHP Fatal error:  Cannot use [] for reading in /home/ubuntu/workspace/structure/models/userModel.php on line 55
[18-May-2017 15:54:54 UTC] PHP Stack trace:
[18-May-2017 15:54:54 UTC] PHP   1. {main}() /home/ubuntu/workspace/structure/routers/userRouter.php:0
[18-May-2017 16:06:52 UTC] PHP Warning:  mysqli_error() expects exactly 1 parameter, 0 given in /home/ubuntu/workspace/structure/models/connector.php on line 31
[18-May-2017 16:06:52 UTC] PHP Stack trace:
[18-May-2017 16:06:52 UTC] PHP   1. {main}() /home/ubuntu/workspace/structure/routers/userRouter.php:0
[18-May-2017 16:06:52 UTC] PHP   2. User->validarUsuario() /home/ubuntu/workspace/structure/routers/userRouter.php:14
[18-May-2017 16:06:52 UTC] PHP   3. Connector->complexQuery() /home/ubuntu/workspace/structure/models/userModel.php:53
[18-May-2017 16:06:52 UTC] PHP   4. mysqli_error() /home/ubuntu/workspace/structure/models/connector.php:31
[18-May-2017 16:06:52 UTC] PHP Warning:  mysqli_error() expects exactly 1 parameter, 0 given in /home/ubuntu/workspace/structure/models/connector.php on line 31
[18-May-2017 16:06:52 UTC] PHP Stack trace:
[18-May-2017 16:06:52 UTC] PHP   1. {main}() /home/ubuntu/workspace/structure/routers/userRouter.php:0
[18-May-2017 16:06:52 UTC] PHP   2. User->validarUsuario() /home/ubuntu/workspace/structure/routers/userRouter.php:14
[18-May-2017 16:06:52 UTC] PHP   3. Connector->complexQuery() /home/ubuntu/workspace/structure/models/userModel.php:53
[18-May-2017 16:06:52 UTC] PHP   4. mysqli_error() /home/ubuntu/workspace/structure/models/connector.php:31
[18-May-2017 19:52:38 UTC] PHP Parse error:  syntax error, unexpected '=>' (T_DOUBLE_ARROW) in /home/ubuntu/workspace/structure/models/userModel.php on line 55
[18-May-2017 19:52:38 UTC] PHP Stack trace:
[18-May-2017 19:52:38 UTC] PHP   1. {main}() /home/ubuntu/workspace/structure/routers/userRouter.php:0
[20-May-2017 01:17:58 UTC] PHP Warning:  require_once(security.php): failed to open stream: No such file or directory in /home/ubuntu/workspace/structure/models/userModel.php on line 3
[20-May-2017 01:17:58 UTC] PHP Stack trace:
[20-May-2017 01:17:58 UTC] PHP   1. {main}() /home/ubuntu/workspace/structure/routers/userRouter.php:0
[20-May-2017 01:17:58 UTC] PHP   2. require_once() /home/ubuntu/workspace/structure/routers/userRouter.php:4
[20-May-2017 01:17:58 UTC] PHP Fatal error:  require_once(): Failed opening required 'security.php' (include_path='.:/usr/share/php:/usr/share/pear') in /home/ubuntu/workspace/structure/models/userModel.php on line 3
[20-May-2017 01:17:58 UTC] PHP Stack trace:
[20-May-2017 01:17:58 UTC] PHP   1. {main}() /home/ubuntu/workspace/structure/routers/userRouter.php:0
[20-May-2017 01:17:58 UTC] PHP   2. require_once() /home/ubuntu/workspace/structure/routers/userRouter.php:4
[20-May-2017 01:18:07 UTC] PHP Warning:  require_once(security.php): failed to open stream: No such file or directory in /home/ubuntu/workspace/structure/models/userModel.php on line 3
[20-May-2017 01:18:07 UTC] PHP Stack trace:
[20-May-2017 01:18:07 UTC] PHP   1. {main}() /home/ubuntu/workspace/structure/routers/userRouter.php:0
[20-May-2017 01:18:07 UTC] PHP   2. require_once() /home/ubuntu/workspace/structure/routers/userRouter.php:4
[20-May-2017 01:18:07 UTC] PHP Fatal error:  require_once(): Failed opening required 'security.php' (include_path='.:/usr/share/php:/usr/share/pear') in /home/ubuntu/workspace/structure/models/userModel.php on line 3
[20-May-2017 01:18:07 UTC] PHP Stack trace:
[20-May-2017 01:18:07 UTC] PHP   1. {main}() /home/ubuntu/workspace/structure/routers/userRouter.php:0
[20-May-2017 01:18:07 UTC] PHP   2. require_once() /home/ubuntu/workspace/structure/routers/userRouter.php:4
[20-May-2017 01:20:21 UTC] PHP Warning:  require_once(security.php): failed to open stream: No such file or directory in /home/ubuntu/workspace/structure/models/userModel.php on line 3
[20-May-2017 01:20:21 UTC] PHP Stack trace:
[20-May-2017 01:20:21 UTC] PHP   1. {main}() /home/ubuntu/workspace/structure/routers/userRouter.php:0
[20-May-2017 01:20:21 UTC] PHP   2. require_once() /home/ubuntu/workspace/structure/routers/userRouter.php:4
[20-May-2017 01:20:21 UTC] PHP Fatal error:  require_once(): Failed opening required 'security.php' (include_path='.:/usr/share/php:/usr/share/pear') in /home/ubuntu/workspace/structure/models/userModel.php on line 3
[20-May-2017 01:20:21 UTC] PHP Stack trace:
[20-May-2017 01:20:21 UTC] PHP   1. {main}() /home/ubuntu/workspace/structure/routers/userRouter.php:0
[20-May-2017 01:20:21 UTC] PHP   2. require_once() /home/ubuntu/workspace/structure/routers/userRouter.php:4
[20-May-2017 01:21:18 UTC] PHP Warning:  require_once(security.php): failed to open stream: No such file or directory in /home/ubuntu/workspace/structure/models/userModel.php on line 3
[20-May-2017 01:21:18 UTC] PHP Stack trace:
[20-May-2017 01:21:18 UTC] PHP   1. {main}() /home/ubuntu/workspace/structure/routers/userRouter.php:0
[20-May-2017 01:21:18 UTC] PHP   2. require_once() /home/ubuntu/workspace/structure/routers/userRouter.php:4
[20-May-2017 01:21:18 UTC] PHP Fatal error:  require_once(): Failed opening required 'security.php' (include_path='.:/usr/share/php:/usr/share/pear') in /home/ubuntu/workspace/structure/models/userModel.php on line 3
[20-May-2017 01:21:18 UTC] PHP Stack trace:
[20-May-2017 01:21:18 UTC] PHP   1. {main}() /home/ubuntu/workspace/structure/routers/userRouter.php:0
[20-May-2017 01:21:18 UTC] PHP   2. require_once() /home/ubuntu/workspace/structure/routers/userRouter.php:4
[20-May-2017 01:21:50 UTC] PHP Warning:  require_once(security.php): failed to open stream: No such file or directory in /home/ubuntu/workspace/structure/models/userModel.php on line 3
[20-May-2017 01:21:50 UTC] PHP Stack trace:
[20-May-2017 01:21:50 UTC] PHP   1. {main}() /home/ubuntu/workspace/structure/routers/userRouter.php:0
[20-May-2017 01:21:50 UTC] PHP   2. require_once() /home/ubuntu/workspace/structure/routers/userRouter.php:4
[20-May-2017 01:21:50 UTC] PHP Fatal error:  require_once(): Failed opening required 'security.php' (include_path='.:/usr/share/php:/usr/share/pear') in /home/ubuntu/workspace/structure/models/userModel.php on line 3
[20-May-2017 01:21:50 UTC] PHP Stack trace:
[20-May-2017 01:21:50 UTC] PHP   1. {main}() /home/ubuntu/workspace/structure/routers/userRouter.php:0
[20-May-2017 01:21:50 UTC] PHP   2. require_once() /home/ubuntu/workspace/structure/routers/userRouter.php:4
[20-May-2017 01:22:37 UTC] PHP Warning:  require_once(security.php): failed to open stream: No such file or directory in /home/ubuntu/workspace/structure/models/userModel.php on line 3
[20-May-2017 01:22:37 UTC] PHP Stack trace:
[20-May-2017 01:22:37 UTC] PHP   1. {main}() /home/ubuntu/workspace/structure/routers/userRouter.php:0
[20-May-2017 01:22:37 UTC] PHP   2. require_once() /home/ubuntu/workspace/structure/routers/userRouter.php:4
[20-May-2017 01:22:37 UTC] PHP Fatal error:  require_once(): Failed opening required 'security.php' (include_path='.:/usr/share/php:/usr/share/pear') in /home/ubuntu/workspace/structure/models/userModel.php on line 3
[20-May-2017 01:22:37 UTC] PHP Stack trace:
[20-May-2017 01:22:37 UTC] PHP   1. {main}() /home/ubuntu/workspace/structure/routers/userRouter.php:0
[20-May-2017 01:22:37 UTC] PHP   2. require_once() /home/ubuntu/workspace/structure/routers/userRouter.php:4
[20-May-2017 01:23:12 UTC] PHP Warning:  require_once(config/security.php): failed to open stream: No such file or directory in /home/ubuntu/workspace/structure/models/userModel.php on line 3
[20-May-2017 01:23:12 UTC] PHP Stack trace:
[20-May-2017 01:23:12 UTC] PHP   1. {main}() /home/ubuntu/workspace/structure/routers/userRouter.php:0
[20-May-2017 01:23:12 UTC] PHP   2. require_once() /home/ubuntu/workspace/structure/routers/userRouter.php:4
[20-May-2017 01:23:12 UTC] PHP Fatal error:  require_once(): Failed opening required 'config/security.php' (include_path='.:/usr/share/php:/usr/share/pear') in /home/ubuntu/workspace/structure/models/userModel.php on line 3
[20-May-2017 01:23:12 UTC] PHP Stack trace:
[20-May-2017 01:23:12 UTC] PHP   1. {main}() /home/ubuntu/workspace/structure/routers/userRouter.php:0
[20-May-2017 01:23:12 UTC] PHP   2. require_once() /home/ubuntu/workspace/structure/routers/userRouter.php:4
[20-May-2017 01:24:17 UTC] PHP Warning:  require_once(config/security.php): failed to open stream: No such file or directory in /home/ubuntu/workspace/structure/models/userModel.php on line 3
[20-May-2017 01:24:17 UTC] PHP Stack trace:
[20-May-2017 01:24:17 UTC] PHP   1. {main}() /home/ubuntu/workspace/structure/routers/userRouter.php:0
[20-May-2017 01:24:17 UTC] PHP   2. require_once() /home/ubuntu/workspace/structure/routers/userRouter.php:4
[20-May-2017 01:24:17 UTC] PHP Fatal error:  require_once(): Failed opening required 'config/security.php' (include_path='.:/usr/share/php:/usr/share/pear') in /home/ubuntu/workspace/structure/models/userModel.php on line 3
[20-May-2017 01:24:17 UTC] PHP Stack trace:
[20-May-2017 01:24:17 UTC] PHP   1. {main}() /home/ubuntu/workspace/structure/routers/userRouter.php:0
[20-May-2017 01:24:17 UTC] PHP   2. require_once() /home/ubuntu/workspace/structure/routers/userRouter.php:4
[20-May-2017 01:25:13 UTC] PHP Warning:  require_once(config/security.php): failed to open stream: No such file or directory in /home/ubuntu/workspace/structure/models/userModel.php on line 3
[20-May-2017 01:25:13 UTC] PHP Stack trace:
[20-May-2017 01:25:13 UTC] PHP   1. {main}() /home/ubuntu/workspace/structure/routers/userRouter.php:0
[20-May-2017 01:25:13 UTC] PHP   2. require_once() /home/ubuntu/workspace/structure/routers/userRouter.php:4
[20-May-2017 01:25:13 UTC] PHP Fatal error:  require_once(): Failed opening required 'config/security.php' (include_path='.:/usr/share/php:/usr/share/pear') in /home/ubuntu/workspace/structure/models/userModel.php on line 3
[20-May-2017 01:25:13 UTC] PHP Stack trace:
[20-May-2017 01:25:13 UTC] PHP   1. {main}() /home/ubuntu/workspace/structure/routers/userRouter.php:0
[20-May-2017 01:25:13 UTC] PHP   2. require_once() /home/ubuntu/workspace/structure/routers/userRouter.php:4
[20-May-2017 01:28:24 UTC] PHP Fatal error:  Call to a member function encryptIt() on a non-object in /home/ubuntu/workspace/structure/models/userModel.php on line 39
[20-May-2017 01:28:24 UTC] PHP Stack trace:
[20-May-2017 01:28:24 UTC] PHP   1. {main}() /home/ubuntu/workspace/structure/routers/userRouter.php:0
[20-May-2017 01:28:24 UTC] PHP   2. User->add() /home/ubuntu/workspace/structure/routers/userRouter.php:14
[20-May-2017 01:31:01 UTC] PHP Fatal error:  Call to undefined function encryptIt() in /home/ubuntu/workspace/structure/models/userModel.php on line 39
[20-May-2017 01:31:01 UTC] PHP Stack trace:
[20-May-2017 01:31:01 UTC] PHP   1. {main}() /home/ubuntu/workspace/structure/routers/userRouter.php:0
[20-May-2017 01:31:01 UTC] PHP   2. User->add() /home/ubuntu/workspace/structure/routers/userRouter.php:14
[20-May-2017 01:33:20 UTC] PHP Fatal error:  Cannot access empty property in /home/ubuntu/workspace/structure/models/userModel.php on line 17
[20-May-2017 01:33:20 UTC] PHP Stack trace:
[20-May-2017 01:33:20 UTC] PHP   1. {main}() /home/ubuntu/workspace/structure/routers/userRouter.php:0
[20-May-2017 01:33:20 UTC] PHP   2. User->__construct() /home/ubuntu/workspace/structure/routers/userRouter.php:11
[20-May-2017 01:33:25 UTC] PHP Fatal error:  Cannot access empty property in /home/ubuntu/workspace/structure/models/userModel.php on line 17
[20-May-2017 01:33:25 UTC] PHP Stack trace:
[20-May-2017 01:33:25 UTC] PHP   1. {main}() /home/ubuntu/workspace/structure/routers/userRouter.php:0
[20-May-2017 01:33:25 UTC] PHP   2. User->__construct() /home/ubuntu/workspace/structure/routers/userRouter.php:11
[20-May-2017 01:34:55 UTC] PHP Fatal error:  Cannot access empty property in /home/ubuntu/workspace/structure/models/userModel.php on line 17
[20-May-2017 01:34:55 UTC] PHP Stack trace:
[20-May-2017 01:34:55 UTC] PHP   1. {main}() /home/ubuntu/workspace/structure/routers/userRouter.php:0
[20-May-2017 01:34:55 UTC] PHP   2. User->__construct() /home/ubuntu/workspace/structure/routers/userRouter.php:11
[20-May-2017 01:35:11 UTC] PHP Fatal error:  Call to a member function encryptIt() on a non-object in /home/ubuntu/workspace/structure/models/userModel.php on line 39
[20-May-2017 01:35:11 UTC] PHP Stack trace:
[20-May-2017 01:35:11 UTC] PHP   1. {main}() /home/ubuntu/workspace/structure/routers/userRouter.php:0
[20-May-2017 01:35:11 UTC] PHP   2. User->add() /home/ubuntu/workspace/structure/routers/userRouter.php:14
[20-May-2017 01:41:51 UTC] PHP Warning:  require(config/security.php): failed to open stream: No such file or directory in /home/ubuntu/workspace/structure/models/userModel.php on line 3
[20-May-2017 01:41:51 UTC] PHP Stack trace:
[20-May-2017 01:41:51 UTC] PHP   1. {main}() /home/ubuntu/workspace/structure/routers/userRouter.php:0
[20-May-2017 01:41:51 UTC] PHP   2. require_once() /home/ubuntu/workspace/structure/routers/userRouter.php:4
[20-May-2017 01:41:51 UTC] PHP Fatal error:  require(): Failed opening required 'config/security.php' (include_path='.:/usr/share/php:/usr/share/pear') in /home/ubuntu/workspace/structure/models/userModel.php on line 3
[20-May-2017 01:41:51 UTC] PHP Stack trace:
[20-May-2017 01:41:51 UTC] PHP   1. {main}() /home/ubuntu/workspace/structure/routers/userRouter.php:0
[20-May-2017 01:41:51 UTC] PHP   2. require_once() /home/ubuntu/workspace/structure/routers/userRouter.php:4
[20-May-2017 02:04:44 UTC] PHP Warning:  mysqli_error() expects exactly 1 parameter, 0 given in /home/ubuntu/workspace/structure/models/connector.php on line 31
[20-May-2017 02:04:44 UTC] PHP Stack trace:
[20-May-2017 02:04:44 UTC] PHP   1. {main}() /home/ubuntu/workspace/structure/routers/userRouter.php:0
[20-May-2017 02:04:44 UTC] PHP   2. User->validarUsuario() /home/ubuntu/workspace/structure/routers/userRouter.php:14
[20-May-2017 02:04:44 UTC] PHP   3. Connector->complexQuery() /home/ubuntu/workspace/structure/models/userModel.php:61
[20-May-2017 02:04:44 UTC] PHP   4. mysqli_error() /home/ubuntu/workspace/structure/models/connector.php:31
[20-May-2017 02:18:14 UTC] PHP Warning:  base64_decode() expects parameter 1 to be string, array given in /home/ubuntu/workspace/structure/models/security.php on line 14
[20-May-2017 02:18:14 UTC] PHP Stack trace:
[20-May-2017 02:18:14 UTC] PHP   1. {main}() /home/ubuntu/workspace/structure/routers/userRouter.php:0
[20-May-2017 02:18:14 UTC] PHP   2. User->validarUsuario() /home/ubuntu/workspace/structure/routers/userRouter.php:14
[20-May-2017 02:18:14 UTC] PHP   3. NapSecure->decryptIt() /home/ubuntu/workspace/structure/models/userModel.php:60
[20-May-2017 02:18:14 UTC] PHP   4. base64_decode() /home/ubuntu/workspace/structure/models/security.php:14
[20-May-2017 02:19:39 UTC] PHP Warning:  base64_decode() expects parameter 1 to be string, array given in /home/ubuntu/workspace/structure/models/security.php on line 14
[20-May-2017 02:19:39 UTC] PHP Stack trace:
[20-May-2017 02:19:39 UTC] PHP   1. {main}() /home/ubuntu/workspace/structure/routers/userRouter.php:0
[20-May-2017 02:19:39 UTC] PHP   2. User->validarUsuario() /home/ubuntu/workspace/structure/routers/userRouter.php:14
[20-May-2017 02:19:39 UTC] PHP   3. NapSecure->decryptIt() /home/ubuntu/workspace/structure/models/userModel.php:60
[20-May-2017 02:19:39 UTC] PHP   4. base64_decode() /home/ubuntu/workspace/structure/models/security.php:14
[20-May-2017 02:26:17 UTC] PHP Warning:  Illegal string offset 'CONTRASENNA' in /home/ubuntu/workspace/structure/models/userModel.php on line 60
[20-May-2017 02:26:17 UTC] PHP Stack trace:
[20-May-2017 02:26:17 UTC] PHP   1. {main}() /home/ubuntu/workspace/structure/routers/userRouter.php:0
[20-May-2017 02:26:17 UTC] PHP   2. User->validarUsuario() /home/ubuntu/workspace/structure/routers/userRouter.php:14
[20-May-2017 02:26:19 UTC] PHP Warning:  Illegal string offset 'CONTRASENNA' in /home/ubuntu/workspace/structure/models/userModel.php on line 60
[20-May-2017 02:26:19 UTC] PHP Stack trace:
[20-May-2017 02:26:19 UTC] PHP   1. {main}() /home/ubuntu/workspace/structure/routers/userRouter.php:0
[20-May-2017 02:26:19 UTC] PHP   2. User->validarUsuario() /home/ubuntu/workspace/structure/routers/userRouter.php:14
[20-May-2017 02:32:20 UTC] PHP Warning:  Illegal string offset 'CONTRASENNA' in /home/ubuntu/workspace/structure/models/userModel.php on line 60
[20-May-2017 02:32:20 UTC] PHP Stack trace:
[20-May-2017 02:32:20 UTC] PHP   1. {main}() /home/ubuntu/workspace/structure/routers/userRouter.php:0
[20-May-2017 02:32:20 UTC] PHP   2. User->validarUsuario() /home/ubuntu/workspace/structure/routers/userRouter.php:14
[20-May-2017 02:32:48 UTC] PHP Warning:  Illegal string offset 'CONTRASENNA' in /home/ubuntu/workspace/structure/models/userModel.php on line 60
[20-May-2017 02:32:48 UTC] PHP Stack trace:
[20-May-2017 02:32:48 UTC] PHP   1. {main}() /home/ubuntu/workspace/structure/routers/userRouter.php:0
[20-May-2017 02:32:48 UTC] PHP   2. User->validarUsuario() /home/ubuntu/workspace/structure/routers/userRouter.php:14
[20-May-2017 02:52:25 UTC] PHP Warning:  Illegal string offset 'CONTRASENNA' in /home/ubuntu/workspace/structure/models/userModel.php on line 63
[20-May-2017 02:52:25 UTC] PHP Stack trace:
[20-May-2017 02:52:25 UTC] PHP   1. {main}() /home/ubuntu/workspace/structure/routers/userRouter.php:0
[20-May-2017 02:52:25 UTC] PHP   2. User->validarUsuario() /home/ubuntu/workspace/structure/routers/userRouter.php:14
[20-May-2017 02:56:05 UTC] PHP Warning:  Illegal string offset 'CONTRASENNA' in /home/ubuntu/workspace/structure/models/userModel.php on line 63
[20-May-2017 02:56:05 UTC] PHP Stack trace:
[20-May-2017 02:56:05 UTC] PHP   1. {main}() /home/ubuntu/workspace/structure/routers/userRouter.php:0
[20-May-2017 02:56:05 UTC] PHP   2. User->validarUsuario() /home/ubuntu/workspace/structure/routers/userRouter.php:14
[20-May-2017 03:17:53 UTC] PHP Warning:  Illegal string offset 'CONTRASENNA' in /home/ubuntu/workspace/structure/models/userModel.php on line 63
[20-May-2017 03:17:53 UTC] PHP Stack trace:
[20-May-2017 03:17:53 UTC] PHP   1. {main}() /home/ubuntu/workspace/structure/routers/userRouter.php:0
[20-May-2017 03:17:53 UTC] PHP   2. User->validarUsuario() /home/ubuntu/workspace/structure/routers/userRouter.php:14
[20-May-2017 03:23:09 UTC] PHP Warning:  Illegal string offset 'CONTRASENNA' in /home/ubuntu/workspace/structure/models/userModel.php on line 63
[20-May-2017 03:23:09 UTC] PHP Stack trace:
[20-May-2017 03:23:09 UTC] PHP   1. {main}() /home/ubuntu/workspace/structure/routers/userRouter.php:0
[20-May-2017 03:23:09 UTC] PHP   2. User->validarUsuario() /home/ubuntu/workspace/structure/routers/userRouter.php:14
[20-May-2017 03:23:25 UTC] PHP Warning:  Illegal string offset 'CONTRASENNA' in /home/ubuntu/workspace/structure/models/userModel.php on line 63
[20-May-2017 03:23:25 UTC] PHP Stack trace:
[20-May-2017 03:23:25 UTC] PHP   1. {main}() /home/ubuntu/workspace/structure/routers/userRouter.php:0
[20-May-2017 03:23:25 UTC] PHP   2. User->validarUsuario() /home/ubuntu/workspace/structure/routers/userRouter.php:14
[20-May-2017 03:27:04 UTC] PHP Warning:  Illegal string offset 'CONTRASENNA' in /home/ubuntu/workspace/structure/models/userModel.php on line 63
[20-May-2017 03:27:04 UTC] PHP Stack trace:
[20-May-2017 03:27:04 UTC] PHP   1. {main}() /home/ubuntu/workspace/structure/routers/userRouter.php:0
[20-May-2017 03:27:04 UTC] PHP   2. User->validarUsuario() /home/ubuntu/workspace/structure/routers/userRouter.php:14
[20-May-2017 03:33:50 UTC] PHP Warning:  mysqli_error() expects exactly 1 parameter, 0 given in /home/ubuntu/workspace/structure/models/connector.php on line 31
[20-May-2017 03:33:50 UTC] PHP Stack trace:
[20-May-2017 03:33:50 UTC] PHP   1. {main}() /home/ubuntu/workspace/structure/routers/userRouter.php:0
[20-May-2017 03:33:50 UTC] PHP   2. User->validarUsuario() /home/ubuntu/workspace/structure/routers/userRouter.php:14
[20-May-2017 03:33:50 UTC] PHP   3. Connector->complexQuery() /home/ubuntu/workspace/structure/models/userModel.php:71
[20-May-2017 03:33:50 UTC] PHP   4. mysqli_error() /home/ubuntu/workspace/structure/models/connector.php:31
